<?xml version="1.0" encoding="UTF-8"?>
<Site BuildName="(empty)"
	BuildStamp="20231105-2019-Experimental"
	Name="(empty)"
	Generator="ctest-3.22.1"
	CompilerName=""
	CompilerVersion=""
	OSName="Linux"
	Hostname="trigpolynom-IdeaCentre-3-07ADA05"
	OSRelease="6.2.0-36-generic"
	OSVersion="#37~22.04.1-Ubuntu SMP PREEMPT_DYNAMIC Mon Oct  9 15:34:04 UTC 2"
	OSPlatform="x86_64"
	Is64Bits="1"
	VendorString="AuthenticAMD"
	VendorID="Advanced Micro Devices"
	FamilyID="23"
	ModelID="24"
	ProcessorCacheSize="512"
	NumberOfLogicalCPU="2"
	NumberOfPhysicalCPU="2"
	TotalVirtualMemory="2047"
	TotalPhysicalMemory="5851"
	LogicalProcessorsPerPhysical="1"
	ProcessorClockFrequency="3165.85"
	>
	<Testing>
		<StartDateTime>Nov 05 15:19 EST</StartDateTime>
		<StartTestTime>1699215582</StartTestTime>
		<TestList/>
		<EndDateTime>Nov 05 15:19 EST</EndDateTime>
		<EndTestTime>1699215582</EndTestTime>
		<ElapsedMinutes>0</ElapsedMinutes>
	</Testing>
</Site>
